#
# An unexpected error has been detected by Java Runtime Environment:
#
# java.lang.OutOfMemoryError: requested 32756 bytes for ChunkPool::allocate. Out of swap space?
#
#  Internal Error (allocation.cpp:120), pid=7216, tid=6764
#  Error: ChunkPool::allocate
#
# Java VM: Java HotSpot(TM) Client VM (11.3-b02 mixed mode windows-x86)
# If you would like to submit a bug report, please visit:
#   http://java.sun.com/webapps/bugreport/crash.jsp
# The crash happened outside the Java Virtual Machine in native code.
# See problematic frame for where to report the bug.
#

---------------  T H R E A D  ---------------

Current thread (0x46ee3400):  JavaThread "CompilerThread0" daemon [_thread_in_native, id=6764, stack(0x478e0000,0x47930000)]

Stack: [0x478e0000,0x47930000]
[error occurred during error reporting (printing stack bounds), id 0x80000001]


Current CompileTask:
C1:529      com.sohu.jafka.network.Processor.read(Ljava/nio/channels/SelectionKey;)V (172 bytes)


---------------  P R O C E S S  ---------------

Java Threads: ( => current thread )
  0x47bfac00 JavaThread "jafka-logflusher-0" [_thread_blocked, id=6828, stack(0x47dc0000,0x47e10000)]
  0x47be3000 JavaThread "jafka-acceptor" [_thread_in_native, id=7156, stack(0x47d70000,0x47dc0000)]
  0x47be1800 JavaThread "jafka-processor-3" [_thread_in_native, id=7928, stack(0x47d20000,0x47d70000)]
  0x47bdbc00 JavaThread "jafka-processor-2" [_thread_in_native, id=4620, stack(0x47cd0000,0x47d20000)]
  0x47bd6000 JavaThread "jafka-processor-1" [_thread_in_native, id=2196, stack(0x47c80000,0x47cd0000)]
  0x47bde400 JavaThread "jafka-processor-0" [_thread_in_native, id=5364, stack(0x47a20000,0x47a70000)]
  0x47b77800 JavaThread "jafka-logcleaner-0" [_thread_blocked, id=600, stack(0x479d0000,0x47a20000)]
  0x46ee6000 JavaThread "Low Memory Detector" daemon [_thread_blocked, id=6312, stack(0x47930000,0x47980000)]
=>0x46ee3400 JavaThread "CompilerThread0" daemon [_thread_in_native, id=6764, stack(0x478e0000,0x47930000)]
  0x46ed3400 JavaThread "JDWP Command Reader" daemon [_thread_in_native, id=6424, stack(0x47890000,0x478e0000)]
  0x46ed1c00 JavaThread "JDWP Event Helper Thread" daemon [_thread_blocked, id=4852, stack(0x47840000,0x47890000)]
  0x46ecf800 JavaThread "JDWP Transport Listener: dt_socket" daemon [_thread_blocked, id=6508, stack(0x477f0000,0x47840000)]
  0x46eecc00 JavaThread "Attach Listener" daemon [_thread_blocked, id=6800, stack(0x47070000,0x470c0000)]
  0x46eeb800 JavaThread "Signal Dispatcher" daemon [_thread_blocked, id=2452, stack(0x47020000,0x47070000)]
  0x46eae000 JavaThread "Finalizer" daemon [_thread_blocked, id=8164, stack(0x46fd0000,0x47020000)]
  0x46ea9400 JavaThread "Reference Handler" daemon [_thread_blocked, id=692, stack(0x46f80000,0x46fd0000)]
  0x00858400 JavaThread "main" [_thread_blocked, id=4052, stack(0x008f0000,0x00940000)]

Other Threads:
  0x46ea5c00 VMThread [stack: 0x46f30000,0x46f80000] [id=6796]
  0x46ee8400 WatcherThread [stack: 0x47980000,0x479d0000] [id=7988]

VM state:not at safepoint (normal execution)

VM Mutex/Monitor currently owned by a thread: None

Heap
 def new generation   total 72576K, used 28386K [0x029f0000, 0x078b0000, 0x078b0000)
  eden space 64512K,  44% used [0x029f0000, 0x045a89e0, 0x068f0000)
  from space 8064K,   0% used [0x068f0000, 0x068f0000, 0x070d0000)
  to   space 8064K,   0% used [0x070d0000, 0x070d0000, 0x078b0000)
 tenured generation   total 967936K, used 0K [0x078b0000, 0x429f0000, 0x429f0000)
   the space 967936K,   0% used [0x078b0000, 0x078b0000, 0x078b0200, 0x429f0000)
 compacting perm gen  total 12288K, used 5455K [0x429f0000, 0x435f0000, 0x469f0000)
   the space 12288K,  44% used [0x429f0000, 0x42f43c88, 0x42f43e00, 0x435f0000)
No shared spaces configured.

Dynamic libraries:
0x00400000 - 0x00424000 	e:\Program Files\MyEclipse\Common\binary\com.sun.java.jdk.win32.x86_1.6.0.013\bin\javaw.exe
0x7c920000 - 0x7c9b3000 	C:\WINDOWS\system32\ntdll.dll
0x7c800000 - 0x7c91e000 	C:\WINDOWS\system32\kernel32.dll
0x77da0000 - 0x77e49000 	C:\WINDOWS\system32\ADVAPI32.dll
0x77e50000 - 0x77ee3000 	C:\WINDOWS\system32\RPCRT4.dll
0x77fc0000 - 0x77fd1000 	C:\WINDOWS\system32\Secur32.dll
0x77d10000 - 0x77da0000 	C:\WINDOWS\system32\USER32.dll
0x77ef0000 - 0x77f39000 	C:\WINDOWS\system32\GDI32.dll
0x76300000 - 0x7631d000 	C:\WINDOWS\system32\IMM32.DLL
0x62c20000 - 0x62c29000 	C:\WINDOWS\system32\LPK.DLL
0x73fa0000 - 0x7400b000 	C:\WINDOWS\system32\USP10.dll
0x7c340000 - 0x7c396000 	e:\Program Files\MyEclipse\Common\binary\com.sun.java.jdk.win32.x86_1.6.0.013\jre\bin\msvcr71.dll
0x6d8b0000 - 0x6db06000 	e:\Program Files\MyEclipse\Common\binary\com.sun.java.jdk.win32.x86_1.6.0.013\jre\bin\client\jvm.dll
0x76b10000 - 0x76b3a000 	C:\WINDOWS\system32\WINMM.dll
0x6d340000 - 0x6d348000 	e:\Program Files\MyEclipse\Common\binary\com.sun.java.jdk.win32.x86_1.6.0.013\jre\bin\hpi.dll
0x76bc0000 - 0x76bcb000 	C:\WINDOWS\system32\PSAPI.DLL
0x6d430000 - 0x6d459000 	e:\Program Files\MyEclipse\Common\binary\com.sun.java.jdk.win32.x86_1.6.0.013\jre\bin\jdwp.dll
0x6d750000 - 0x6d756000 	e:\Program Files\MyEclipse\Common\binary\com.sun.java.jdk.win32.x86_1.6.0.013\jre\bin\npt.dll
0x6d860000 - 0x6d86c000 	e:\Program Files\MyEclipse\Common\binary\com.sun.java.jdk.win32.x86_1.6.0.013\jre\bin\verify.dll
0x6d3e0000 - 0x6d3ff000 	e:\Program Files\MyEclipse\Common\binary\com.sun.java.jdk.win32.x86_1.6.0.013\jre\bin\java.dll
0x6d8a0000 - 0x6d8af000 	e:\Program Files\MyEclipse\Common\binary\com.sun.java.jdk.win32.x86_1.6.0.013\jre\bin\zip.dll
0x6d2b0000 - 0x6d2b7000 	e:\Program Files\MyEclipse\Common\binary\com.sun.java.jdk.win32.x86_1.6.0.013\jre\bin\dt_socket.dll
0x71a20000 - 0x71a37000 	C:\WINDOWS\system32\WS2_32.dll
0x77be0000 - 0x77c38000 	C:\WINDOWS\system32\msvcrt.dll
0x71a10000 - 0x71a18000 	C:\WINDOWS\system32\WS2HELP.dll
0x47110000 - 0x4727d000 	C:\Program Files\Sangfor\SSL\ClientComponent\SangforNsp.dll
0x73d30000 - 0x73e22000 	C:\WINDOWS\system32\MFC42.DLL
0x7d590000 - 0x7dd84000 	C:\WINDOWS\system32\SHELL32.dll
0x77f40000 - 0x77fb6000 	C:\WINDOWS\system32\SHLWAPI.dll
0x76990000 - 0x76ace000 	C:\WINDOWS\system32\ole32.dll
0x770f0000 - 0x7717b000 	C:\WINDOWS\system32\OLEAUT32.dll
0x7eae0000 - 0x7eb81000 	C:\WINDOWS\system32\urlmon.dll
0x77bd0000 - 0x77bd8000 	C:\WINDOWS\system32\VERSION.dll
0x75ff0000 - 0x76055000 	C:\WINDOWS\system32\MSVCP60.dll
0x76d30000 - 0x76d48000 	C:\WINDOWS\system32\iphlpapi.dll
0x61be0000 - 0x61bed000 	C:\WINDOWS\system32\MFC42LOC.DLL
0x77180000 - 0x77283000 	C:\WINDOWS\WinSxS\x86_Microsoft.Windows.Common-Controls_6595b64144ccf1df_6.0.2600.6028_x-ww_61e65202\comctl32.dll
0x76fa0000 - 0x7701f000 	C:\WINDOWS\system32\CLBCATQ.DLL
0x77020000 - 0x770ba000 	C:\WINDOWS\system32\COMRes.dll
0x719c0000 - 0x719fe000 	C:\WINDOWS\System32\mswsock.dll
0x76ef0000 - 0x76f17000 	C:\WINDOWS\system32\DNSAPI.dll
0x76d10000 - 0x76d28000 	C:\WINDOWS\system32\MPRAPI.dll
0x77c90000 - 0x77cc2000 	C:\WINDOWS\system32\ACTIVEDS.dll
0x76de0000 - 0x76e05000 	C:\WINDOWS\system32\adsldpc.dll
0x5fdd0000 - 0x5fe25000 	C:\WINDOWS\system32\NETAPI32.dll
0x76f30000 - 0x76f5c000 	C:\WINDOWS\system32\WLDAP32.dll
0x76af0000 - 0x76b01000 	C:\WINDOWS\system32\ATL.DLL
0x76e50000 - 0x76e5e000 	C:\WINDOWS\system32\rtutils.dll
0x71b70000 - 0x71b83000 	C:\WINDOWS\system32\SAMLIB.dll
0x76060000 - 0x761b6000 	C:\WINDOWS\system32\SETUPAPI.dll
0x76f80000 - 0x76f88000 	C:\WINDOWS\System32\winrnr.dll
0x64000000 - 0x64021000 	C:\Program Files\Bonjour\mdnsNSP.dll
0x76f90000 - 0x76f96000 	C:\WINDOWS\system32\rasadhlp.dll
0x47350000 - 0x476e6000 	C:\Program Files\Sangfor\SSL\ClientComponent\SangforTcp.dll
0x765e0000 - 0x76675000 	C:\WINDOWS\system32\CRYPT32.dll
0x76db0000 - 0x76dc2000 	C:\WINDOWS\system32\MSASN1.dll
0x76680000 - 0x76726000 	C:\WINDOWS\system32\WININET.dll
0x60fd0000 - 0x61025000 	C:\WINDOWS\system32\hnetcfg.dll
0x71a00000 - 0x71a08000 	C:\WINDOWS\System32\wshtcpip.dll
0x6d610000 - 0x6d619000 	E:\Program Files\MyEclipse\Common\binary\com.sun.java.jdk.win32.x86_1.6.0.013\jre\bin\management.dll
0x6d6c0000 - 0x6d6d3000 	E:\Program Files\MyEclipse\Common\binary\com.sun.java.jdk.win32.x86_1.6.0.013\jre\bin\net.dll
0x6d6e0000 - 0x6d6e9000 	E:\Program Files\MyEclipse\Common\binary\com.sun.java.jdk.win32.x86_1.6.0.013\jre\bin\nio.dll
0x68000000 - 0x68036000 	C:\WINDOWS\system32\rsaenh.dll
0x759d0000 - 0x75a7f000 	C:\WINDOWS\system32\USERENV.dll

VM Arguments:
jvm_args: -agentlib:jdwp=transport=dt_socket,suspend=y,address=localhost:1987 -Xms1024M -Xmx1024M -Dfile.encoding=UTF-8 
java_command: com.sohu.jafka.Jafka conf/server.properties
Launcher Type: SUN_STANDARD

Environment Variables:
JAVA_HOME=C:\Program Files\Java\jdk1.6.0_10
CLASSPATH=C:\Program Files\Java\jdk1.6.0_10\lib\tools.jar;C:\Program Files\Java\jdk1.6.0_10\lib\dt.jar;.
PATH=e:\Program Files\MyEclipse\Common\binary\com.sun.java.jdk.win32.x86_1.6.0.013\jre\bin;e:/Program Files/MyEclipse/Common/binary/com.sun.java.jdk.win32.x86_1.6.0.013/jre/bin/client;e:/Program Files/MyEclipse/Common/binary/com.sun.java.jdk.win32.x86_1.6.0.013/jre/bin;e:/Program Files/MyEclipse/Common/binary/com.sun.java.jdk.win32.x86_1.6.0.013/jre/lib/i386;C:\Documents and Settings\All Users.WINDOWS\Application Data\Oracle\Java\javapath;E:\apache-maven-3.2.5\bin;E:\oracle\product\10.2.0\db_1\bin;C:\Program Files\Java\jdk1.6.0_10\bin;C:\Program Files\Intel\iCLS Client\;C:\WINDOWS\system32;C:\WINDOWS;C:\WINDOWS\System32\Wbem;C:\Program Files\Intel\Intel(R) Management Engine Components\DAL;C:\Program Files\Intel\Intel(R) Management Engine Components\IPT;C:\Program Files\ThinkPad Wireless LAN Adapter Software;C:\Program Files\Common Files\Adobe\AGL;E:\Program Files\MySQL\MySQL Server 5.1\bin;C:\Program Files\VanDyke Software\SecureFX\;e:\Program Files\SSH Communications Security\SSH Secure Shell;C:\Program Files\IDM Computer Solutions\UltraEdit\
USERNAME=Administrator
OS=Windows_NT
PROCESSOR_IDENTIFIER=x86 Family 6 Model 58 Stepping 9, GenuineIntel



---------------  S Y S T E M  ---------------

OS: Windows XP Build 2600 Service Pack 3

CPU:total 4 (8 cores per cpu, 2 threads per core) family 6 model 10 stepping 9, cmov, cx8, fxsr, mmx, sse, sse2, sse3, ssse3, ht

Memory: 4k page, physical 2097151k(1275976k free), swap 4194303k(5164k free)

vm_info: Java HotSpot(TM) Client VM (11.3-b02) for windows-x86 JRE (1.6.0_13-b03), built on Mar  9 2009 01:15:24 by "java_re" with MS VC++ 7.1

time: Thu Mar 05 10:20:13 2015
elapsed time: 1877 seconds

